<?xml version="1.0" encoding="UTF-8"?>
<testsuite xmlns:xsi="http://www.w3.org/2001/XMLSchema-instance" xsi:noNamespaceSchemaLocation="https://maven.apache.org/surefire/maven-surefire-plugin/xsd/surefire-test-report.xsd" name="service.MockCurrencyServiceTest" time="1.462" tests="2" errors="0" skipped="0" failures="0">
  <properties>
[...]
</properties>
  <testcase name="testGetRightCurrencies" classname="service.MockCurrencyServiceTest" time="0.015"/>
  <testcase name="testGetAllCurrencies" classname="service.MockCurrencyServiceTest" time="0"/>
</testsuite>